<?xml version="1.0" encoding="UTF-8"?>
<!-- Generated by org.testng.reporters.JUnitXMLReporter -->
<testsuite ignored="0" hostname="PRATIK" failures="1" tests="5" name="error validation tests" time="40.503" errors="0" timestamp="2023-02-07T21:20:36 IST">
  <testcase classname="seleniumFrameworkDesign.testCases.ErrorValidationsCopy" name="loginErrorValidation" time="0.32"/>
  <testcase classname="seleniumFrameworkDesign.testCases.ErrorValidations" name="loginErrorValidation" time="1.288">
    <skipped/>
  </testcase> <!-- loginErrorValidation -->
  <testcase classname="seleniumFrameworkDesign.testCases.ErrorValidations" name="loginErrorValidation" time="0.542">
    <failure type="java.lang.AssertionError" message="expected [Incorrect  or password.] but found [Incorrect email or password.]">
      <![CDATA[java.lang.AssertionError: expected [Incorrect  or password.] but found [Incorrect email or password.]
at seleniumFrameworkDesign.testCases.ErrorValidations.loginErrorValidation(ErrorValidations.java:31)
at java.base/java.util.concurrent.ThreadPoolExecutor.runWorker(ThreadPoolExecutor.java:1136)
at java.base/java.util.concurrent.ThreadPoolExecutor$Worker.run(ThreadPoolExecutor.java:635)
at java.base/java.lang.Thread.run(Thread.java:833)
... Removed 16 stack frames]]>
    </failure>
  </testcase> <!-- loginErrorValidation -->
  <testcase classname="seleniumFrameworkDesign.testCases.ErrorValidationsCopy" name="productErrorValidation" time="6.752"/>
  <testcase classname="seleniumFrameworkDesign.testCases.ErrorValidations" name="productErrorValidation" time="7.317"/>
</testsuite> <!-- error validation tests -->
